<?xml version="1.0" encoding="UTF-8"?>
<!-- Generated by org.testng.reporters.JUnitXMLReporter -->
<testsuite ignored="0" hostname="DESKTOP-A13GOSL" failures="0" tests="3" name="Default test" time="38.465" errors="0" timestamp="2024-03-23T19:45:42 IST">
  <testcase classname="Projects.Sample.Fetchlink" name="testFetchAllLinks" time="17.713"/>
  <testcase classname="Projects.Sample.Fetchlink" name="testSpecificLinkAvailability" time="0.501"/>
  <testcase classname="Projects.Sample.Fetchlink" name="testSpecificLinkAvailability2" time="0.164"/>
</testsuite> <!-- Default test -->
